2606:4700:3030::6812:374d
2606:4700:3030::6815:3689
2606:4700:3030::6818:7243
2606:4700:3030::6818:733f
2606:4700:3030::6818:7343
2606:4700:3030::681b:aec8
2606:4700:3030::681b:b178
2606:4700:3030::681f:5e79
2606:4700:3030::ac43:ccce
2606:4700:3031::6812:2932
2606:4700:3031::6812:36c4
2606:4700:3031::6815:1ca8
2606:4700:3031::6818:702d
2606:4700:3031::6818:712d
2606:4700:3031::6818:76fe
2606:4700:3031::681b:85b5
2606:4700:3031::681b:9ca1
2606:4700:3031::681b:b078
2606:4700:3031::681c:1210
2606:4700:3031::681c:157f
2606:4700:3031::681c:286
2606:4700:3031::681c:386
2606:4700:3031::681f:4fa3
2606:4700:3031::681f:5ac3
2606:4700:3031::ac43:8b03
2606:4700:3031::ac43:b7a1
2606:4700:3031::ac43:bd18
2606:4700:3032::6818:67e8
2606:4700:3032::6818:77fe
2606:4700:3032::681b:9595
2606:4700:3032::681b:971d
2606:4700:3032::681c:147f
2606:4700:3032::681c:2e0
2606:4700:3032::681c:691
2606:4700:3032::681f:523e
2606:4700:3032::681f:577b
2606:4700:3032::681f:595f
2606:4700:3032::681f:5bc3
2606:4700:3032::681f:5e44
2606:4700:3032::ac43:8703
2606:4700:3032::ac43:a985
2606:4700:3032::ac43:d01f
2606:4700:3033::6812:364d
2606:4700:3033::6812:37c4
2606:4700:3033::6815:36f1
2606:4700:3033::6815:50f8
2606:4700:3033::6818:66e8
2606:4700:3033::681b:bebf
2606:4700:3033::681b:bfbf
2606:4700:3033::681c:1f18
2606:4700:3033::681c:3e0
2606:4700:3033::681f:4ea3
2606:4700:3033::681f:567b
2606:4700:3033::681f:5855
2606:4700:3033::ac43:8547
2606:4700:3033::ac43:8eb6
2606:4700:3033::ac43:aa0c
2606:4700:3033::ac43:d0b8
2606:4700:3034::6812:27fd
2606:4700:3034::6812:3f23
2606:4700:3034::6815:4a51
2606:4700:3034::6815:dd9
2606:4700:3034::6818:723f
2606:4700:3034::681b:84b5
2606:4700:3034::681b:a838
2606:4700:3034::681b:a938
2606:4700:3034::681f:5618
2606:4700:3034::681f:5f79
2606:4700:3034::ac43:8091
2606:4700:3034::ac43:92e8
2606:4700:3034::ac43:a33c
2606:4700:3034::ac43:addd
2606:4700:3034::ac43:b1ec
2606:4700:3034::ac43:bbce
2606:4700:3035::6812:345d
2606:4700:3035::6812:3dcf
2606:4700:3035::6812:3dd4
2606:4700:3035::6812:3e23
2606:4700:3035::681b:8dde
2606:4700:3035::681b:961d
2606:4700:3035::681b:afc8
2606:4700:3035::681c:1310
2606:4700:3035::681c:1c09
2606:4700:3035::681c:1d09
2606:4700:3035::681c:1e18
2606:4700:3035::681c:1e7
2606:4700:3035::681c:970
2606:4700:3035::681c:fec
2606:4700:3035::ac43:8afa
2606:4700:3035::ac43:9039
2606:4700:3035::ac43:9352
2606:4700:3035::ac43:9d83
2606:4700:3035::ac43:a67f
2606:4700:3035::ac43:d324
2606:4700:3035::ac43:da10
2606:4700:3036::6812:26fd
2606:4700:3036::6812:355d
2606:4700:3036::6812:3ccf
2606:4700:3036::6815:134e
2606:4700:3036::681b:a1db
2606:4700:3036::681c:102b
2606:4700:3036::681c:870
2606:4700:3036::681f:410c
2606:4700:3036::681f:5718
2606:4700:3036::681f:585f
2606:4700:3036::ac43:82ae
2606:4700:3036::ac43:99d5
2606:4700:3036::ac43:d972
2606:4700:3037::6812:2832
2606:4700:3037::6812:3cd4
2606:4700:3037::681b:8cde
2606:4700:3037::681b:9495
2606:4700:3037::681b:9da1
2606:4700:3037::681b:a0db
2606:4700:3037::681c:112b
2606:4700:3037::681c:791
2606:4700:3037::681c:e7
2606:4700:3037::681c:eec
2606:4700:3037::681f:400c
2606:4700:3037::681f:533e
2606:4700:3037::681f:5955
2606:4700:3037::681f:5ca8
2606:4700:3037::681f:5da8
2606:4700:3037::681f:5f44
2606:4700:3037::ac43:8183
2606:4700:3037::ac43:a354
2606:4700:3037::ac43:abad
2606:4700:3037::ac43:af53
2606:4700:3037::ac43:b9a7
2606:4700:3037::ac43:c465
2606:4700:3037::ac43:c878
2606:4700:3037::ac43:c9e1
2606:4700:3037::ac43:d291
2606:4700:30::6818:7672
2606:4700:30::6818:7772
2606:4700:30::681b:9863
2606:4700:30::681b:9963
2606:4700:30::681b:b458
2606:4700:30::681b:b558
2606:4700:30::681c:6fa
2606:4700:30::681c:7fa
2606:4700:30::681f:428f
2606:4700:30::681f:438f
2607:5300:60:689e::
2607:5300:60:689e::16
2a01:4f8:1c1c:7c49::4
2a01:4f8:1c1c:7c49::5
